<?xml version="1.0" encoding="UTF-8"?>
<!-- Generated by org.testng.reporters.JUnitReportReporter -->
<testsuite hostname="LTIN211962" name="main_test.truTimeTest" tests="1" failures="0" timestamp="24 Mar 2022 04:30:58 GMT" time="71.858" errors="0">
  <testcase name="getUrl" time="71.858" classname="main_test.truTimeTest"/>
</testsuite> <!-- main_test.truTimeTest -->
